
============================================================
Execution Time: 2025-09-11 13:00:04.175323
============================================================
[ALREADY_RUNNING] QRコード生成: No wake-up needed
[ALREADY_RUNNING] 天気予報: No wake-up needed
[ALREADY_RUNNING] ビジネスダッシュボード: No wake-up needed
[ALREADY_RUNNING] 個人用ナレッジベース: No wake-up needed
[ALREADY_RUNNING] MAP: No wake-up needed
[ALREADY_RUNNING] TODO アプリ: No wake-up needed
[ALREADY_RUNNING] リアルタイム地球儀: No wake-up needed

============================================================
Execution Time: 2025-09-11 13:06:01.605258
============================================================
[ALREADY_RUNNING] QRコード生成: No wake-up needed
[ALREADY_RUNNING] 天気予報: No wake-up needed
[ALREADY_RUNNING] ビジネスダッシュボード: No wake-up needed
[ALREADY_RUNNING] 個人用ナレッジベース: No wake-up needed
[ALREADY_RUNNING] MAP: No wake-up needed
[ALREADY_RUNNING] TODO アプリ: No wake-up needed
[ALREADY_RUNNING] リアルタイム地球儀: No wake-up needed

============================================================
Execution Time: 2025-09-11 17:07:10.892324
============================================================
[ALREADY_RUNNING] QRコード生成: No wake-up needed
[ALREADY_RUNNING] 天気予報: No wake-up needed
[ALREADY_RUNNING] ビジネスダッシュボード: No wake-up needed
[ALREADY_RUNNING] 個人用ナレッジベース: No wake-up needed
[ALREADY_RUNNING] MAP: No wake-up needed
[ALREADY_RUNNING] TODO アプリ: No wake-up needed
[ALREADY_RUNNING] リアルタイム地球儀: No wake-up needed

============================================================
Execution Time: 2025-09-11 21:08:54.604278
============================================================
[ALREADY_RUNNING] QRコード生成: No wake-up needed
[ALREADY_RUNNING] 天気予報: No wake-up needed
[ALREADY_RUNNING] ビジネスダッシュボード: No wake-up needed
[ALREADY_RUNNING] 個人用ナレッジベース: No wake-up needed
[ALREADY_RUNNING] MAP: No wake-up needed
[ALREADY_RUNNING] TODO アプリ: No wake-up needed
[ALREADY_RUNNING] リアルタイム地球儀: No wake-up needed

============================================================
Execution Time: 2025-09-12 01:06:01.178928
============================================================
[ALREADY_RUNNING] QRコード生成: No wake-up needed
[ALREADY_RUNNING] 天気予報: No wake-up needed
[ALREADY_RUNNING] ビジネスダッシュボード: No wake-up needed
[ALREADY_RUNNING] 個人用ナレッジベース: No wake-up needed
[ALREADY_RUNNING] MAP: No wake-up needed
[ALREADY_RUNNING] TODO アプリ: No wake-up needed
[ALREADY_RUNNING] リアルタイム地球儀: No wake-up needed

============================================================
Execution Time: 2025-09-12 05:05:35.429282
============================================================
[ALREADY_RUNNING] QRコード生成: No wake-up needed
[ALREADY_RUNNING] 天気予報: No wake-up needed
[ALREADY_RUNNING] ビジネスダッシュボード: No wake-up needed
[ALREADY_RUNNING] 個人用ナレッジベース: No wake-up needed
[ALREADY_RUNNING] MAP: No wake-up needed
[ALREADY_RUNNING] TODO アプリ: No wake-up needed
[ALREADY_RUNNING] リアルタイム地球儀: No wake-up needed

============================================================
Execution Time: 2025-09-12 09:19:39.026248
============================================================
[ALREADY_RUNNING] QRコード生成: No wake-up needed
[ALREADY_RUNNING] 天気予報: No wake-up needed
[ALREADY_RUNNING] ビジネスダッシュボード: No wake-up needed
[ALREADY_RUNNING] 個人用ナレッジベース: No wake-up needed
[ALREADY_RUNNING] MAP: No wake-up needed
[ALREADY_RUNNING] TODO アプリ: No wake-up needed
[ALREADY_RUNNING] リアルタイム地球儀: No wake-up needed

============================================================
Execution Time: 2025-09-12 13:05:45.332495
============================================================
[ALREADY_RUNNING] QRコード生成: No wake-up needed
[ALREADY_RUNNING] 天気予報: No wake-up needed
[ALREADY_RUNNING] ビジネスダッシュボード: No wake-up needed
[ALREADY_RUNNING] 個人用ナレッジベース: No wake-up needed
[ALREADY_RUNNING] MAP: No wake-up needed
[ALREADY_RUNNING] TODO アプリ: No wake-up needed
[ALREADY_RUNNING] リアルタイム地球儀: No wake-up needed

============================================================
Execution Time: 2025-09-12 17:07:00.402033
============================================================
[ALREADY_RUNNING] QRコード生成: No wake-up needed
[ALREADY_RUNNING] 天気予報: No wake-up needed
[ALREADY_RUNNING] ビジネスダッシュボード: No wake-up needed
[ALREADY_RUNNING] 個人用ナレッジベース: No wake-up needed
[ALREADY_RUNNING] MAP: No wake-up needed
[ALREADY_RUNNING] TODO アプリ: No wake-up needed
[ALREADY_RUNNING] リアルタイム地球儀: No wake-up needed

============================================================
Execution Time: 2025-09-12 21:08:05.750664
============================================================
[ALREADY_RUNNING] QRコード生成: No wake-up needed
[ALREADY_RUNNING] 天気予報: No wake-up needed
[ALREADY_RUNNING] ビジネスダッシュボード: No wake-up needed
[ALREADY_RUNNING] 個人用ナレッジベース: No wake-up needed
[ALREADY_RUNNING] MAP: No wake-up needed
[ALREADY_RUNNING] TODO アプリ: No wake-up needed
[ALREADY_RUNNING] リアルタイム地球儀: No wake-up needed

============================================================
Execution Time: 2025-09-13 01:05:54.973446
============================================================
[ALREADY_RUNNING] QRコード生成: No wake-up needed
[ALREADY_RUNNING] 天気予報: No wake-up needed
[ALREADY_RUNNING] ビジネスダッシュボード: No wake-up needed
[ALREADY_RUNNING] 個人用ナレッジベース: No wake-up needed
[ALREADY_RUNNING] MAP: No wake-up needed
[ALREADY_RUNNING] TODO アプリ: No wake-up needed
[ALREADY_RUNNING] リアルタイム地球儀: No wake-up needed

============================================================
Execution Time: 2025-09-13 05:05:53.629437
============================================================
[ALREADY_RUNNING] QRコード生成: No wake-up needed
[ALREADY_RUNNING] 天気予報: No wake-up needed
[ALREADY_RUNNING] ビジネスダッシュボード: No wake-up needed
[ALREADY_RUNNING] 個人用ナレッジベース: No wake-up needed
[ALREADY_RUNNING] MAP: No wake-up needed
[ALREADY_RUNNING] TODO アプリ: No wake-up needed
[ALREADY_RUNNING] リアルタイム地球儀: No wake-up needed

============================================================
Execution Time: 2025-09-13 09:17:54.544382
============================================================
[ALREADY_RUNNING] QRコード生成: No wake-up needed
[ALREADY_RUNNING] 天気予報: No wake-up needed
[ALREADY_RUNNING] ビジネスダッシュボード: No wake-up needed
[ALREADY_RUNNING] 個人用ナレッジベース: No wake-up needed
[ALREADY_RUNNING] MAP: No wake-up needed
[ALREADY_RUNNING] TODO アプリ: No wake-up needed
[ALREADY_RUNNING] リアルタイム地球儀: No wake-up needed

============================================================
Execution Time: 2025-09-13 13:05:35.943841
============================================================
[ALREADY_RUNNING] QRコード生成: No wake-up needed
[ALREADY_RUNNING] 天気予報: No wake-up needed
[ALREADY_RUNNING] ビジネスダッシュボード: No wake-up needed
[ALREADY_RUNNING] 個人用ナレッジベース: No wake-up needed
[ALREADY_RUNNING] MAP: No wake-up needed
[ALREADY_RUNNING] TODO アプリ: No wake-up needed
[ALREADY_RUNNING] リアルタイム地球儀: No wake-up needed

============================================================
Execution Time: 2025-09-13 17:05:55.539081
============================================================
[ALREADY_RUNNING] QRコード生成: No wake-up needed
[ALREADY_RUNNING] 天気予報: No wake-up needed
[ALREADY_RUNNING] ビジネスダッシュボード: No wake-up needed
[ALREADY_RUNNING] 個人用ナレッジベース: No wake-up needed
[ALREADY_RUNNING] MAP: No wake-up needed
[ALREADY_RUNNING] TODO アプリ: No wake-up needed
[ALREADY_RUNNING] リアルタイム地球儀: No wake-up needed
